Mplus VERSION 8.6
MUTHEN & MUTHEN
11/01/2021   1:49 PM

INPUT INSTRUCTIONS

  TITLE: 2-class LCA: mode
  DATA: FILE = "mode_cleaned_aux-data-mplus-ready_9cbdafdca9831a1c9d6734f8cf969a75.dat";
  VARIABLE:
    NAMES = personid pass sov dr_oth walk bike transit other ut_saf ut_frq ut_rel ub_shr
       ub_grn ub_lan ub_rln ub_amn res30m resaff resclo reshwy ressch resspa restra
       reswal carlvr racwht racasn rachis racblk racoth female school worker hinclo
       n00_04 n05_15 n16_17 licens cmplxt agegrp_1 agegrp_2 agegrp_3 clustn_1 clustn_2
       clustn_3 clustn_4 clustn_5 clustn_6 clustn_NA;
    IDVAR = personid;
    USEVAR =      sov dr_oth pass transit walk bike other;
    CATEGORICAL = sov dr_oth pass transit walk bike other;
    MISSING=.;
    CLASSES = c(2);
  ANALYSIS: TYPE = MIXTURE;
            PROCESSORS = 6(STARTS);
  !          STSCALE = 10;
  !          STARTS = 500 125;
            STARTS = 0;
            OPTSEED = 175199;
  !          K-1STARTS = 500 125;
            LRTSTARTS = 0 0 1000 250;

  PLOT: TYPE=PLOT3;
        SERIES = sov dr_oth pass transit walk bike other(*);
  OUTPUT: TECH11;
  OUTPUT: TECH14;
  !SAVEDATA:	FILE IS LCA_mode_cleaned_aux_c2_save.txt;
  !			SAVE IS CPROB;
  !            MISSFLAG=9999;
  !			FORMAT IS FREE;



INPUT READING TERMINATED NORMALLY



2-class LCA: mode_cleaned_aux

SUMMARY OF ANALYSIS

Number of groups                                                 1
Number of observations                                        9184

Number of dependent variables                                    7
Number of independent variables                                  0
Number of continuous latent variables                            0
Number of categorical latent variables                           1

Observed dependent variables

  Binary and ordered categorical (ordinal)
   SOV         DR_OTH      PASS        TRANSIT     WALK        BIKE
   OTHER

Categorical latent variables
   C

Variables with special functions

  ID variable           PERSONID

Estimator                                                      MLR
Information matrix                                        OBSERVED
Optimization Specifications for the Quasi-Newton Algorithm for
Continuous Outcomes
  Maximum number of iterations                                 100
  Convergence criterion                                  0.100D-05
Optimization Specifications for the EM Algorithm
  Maximum number of iterations                                 500
  Convergence criteria
    Loglikelihood change                                 0.100D-06
    Relative loglikelihood change                        0.100D-06
    Derivative                                           0.100D-05
Optimization Specifications for the M step of the EM Algorithm for
Categorical Latent variables
  Number of M step iterations                                    1
  M step convergence criterion                           0.100D-05
  Basis for M step termination                           ITERATION
Optimization Specifications for the M step of the EM Algorithm for
Censored, Binary or Ordered Categorical (Ordinal), Unordered
Categorical (Nominal) and Count Outcomes
  Number of M step iterations                                    1
  M step convergence criterion                           0.100D-05
  Basis for M step termination                           ITERATION
  Maximum value for logit thresholds                            15
  Minimum value for logit thresholds                           -15
  Minimum expected cell size for chi-square              0.100D-01
Maximum number of iterations for H1                           2000
Convergence criterion for H1                             0.100D-03
Optimization algorithm                                         EMA
Random Starts Specifications
  Random seed for analysis                                  175199
Link                                                         LOGIT

Input data file(s)
  mode_cleaned_aux-data-mplus-ready_9cbdafdca9831a1c9d6734f8cf969a75.dat
Input data format  FREE


SUMMARY OF DATA

     Number of missing data patterns             1
     Number of y missing data patterns           0
     Number of u missing data patterns           1


COVARIANCE COVERAGE OF DATA

Minimum covariance coverage value   0.100


UNIVARIATE PROPORTIONS AND COUNTS FOR CATEGORICAL VARIABLES

    SOV
      Category 1    0.379         3485.000
      Category 2    0.621         5699.000
    DR_OTH
      Category 1    0.665         6108.000
      Category 2    0.335         3076.000
    PASS
      Category 1    0.766         7031.000
      Category 2    0.234         2153.000
    TRANSIT
      Category 1    0.680         6247.000
      Category 2    0.320         2937.000
    WALK
      Category 1    0.525         4821.000
      Category 2    0.475         4363.000
    BIKE
      Category 1    0.934         8582.000
      Category 2    0.066          602.000
    OTHER
      Category 1    0.901         8276.000
      Category 2    0.099          908.000


     IN THE OPTIMIZATION, ONE OR MORE LOGIT THRESHOLDS APPROACHED EXTREME VALUES
     OF -15.000 AND 15.000 AND WERE FIXED TO STABILIZE MODEL ESTIMATION.  THESE
     VALUES IMPLY PROBABILITIES OF 0 AND 1.  IN THE MODEL RESULTS SECTION, THESE
     PARAMETERS HAVE 0 STANDARD ERRORS AND 999 IN THE Z-SCORE AND P-VALUE COLUMNS.




THE MODEL ESTIMATION TERMINATED NORMALLY



MODEL FIT INFORMATION

Number of Free Parameters                       15

Loglikelihood

          H0 Value                      -32848.287
          H0 Scaling Correction Factor      1.0378
            for MLR

Information Criteria

          Akaike (AIC)                   65726.574
          Bayesian (BIC)                 65833.452
          Sample-Size Adjusted BIC       65785.784
            (n* = (n + 2) / 24)

Chi-Square Test of Model Fit for the Binary and Ordered Categorical
(Ordinal) Outcomes

          Pearson Chi-Square

          Value                           4874.318
          Degrees of Freedom                   112
          P-Value                           0.0000

          Likelihood Ratio Chi-Square

          Value                           4028.752
          Degrees of Freedom                   112
          P-Value                           0.0000



FINAL CLASS COUNTS AND PROPORTIONS FOR THE LATENT CLASSES
BASED ON THE ESTIMATED MODEL

    Latent
   Classes

       1       6066.02413          0.66050
       2       3117.97587          0.33950


FINAL CLASS COUNTS AND PROPORTIONS FOR THE LATENT CLASSES
BASED ON ESTIMATED POSTERIOR PROBABILITIES

    Latent
   Classes

       1       6066.02413          0.66050
       2       3117.97587          0.33950


FINAL CLASS COUNTS AND PROPORTIONS FOR THE LATENT CLASSES
BASED ON THEIR MOST LIKELY LATENT CLASS MEMBERSHIP

Class Counts and Proportions

    Latent
   Classes

       1             5829          0.63469
       2             3355          0.36531


CLASSIFICATION QUALITY

     Entropy                         0.710


Average Latent Class Probabilities for Most Likely Latent Class Membership (Row)
by Latent Class (Column)

           1        2

    1   0.947    0.053
    2   0.163    0.837


Classification Probabilities for the Most Likely Latent Class Membership (Column)
by Latent Class (Row)

           1        2

    1   0.910    0.090
    2   0.099    0.901


Logits for the Classification Probabilities for the Most Likely Latent Class Membership (Column)
by Latent Class (Row)

              1        2

    1      2.312    0.000
    2     -2.204    0.000


MODEL RESULTS

                                                    Two-Tailed
                    Estimate       S.E.  Est./S.E.    P-Value

Latent Class 1

 Thresholds
    SOV$1              0.300      0.038      7.939      0.000
    DR_OTH$1           0.726      0.035     20.724      0.000
    PASS$1             0.812      0.030     27.299      0.000
    TRANSIT$1          0.063      0.035      1.832      0.067
    WALK$1            -0.575      0.029    -19.638      0.000
    BIKE$1             2.251      0.046     49.134      0.000
    OTHER$1            1.737      0.037     46.492      0.000

Latent Class 2

 Thresholds
    SOV$1            -15.000      0.000    999.000    999.000
    DR_OTH$1           0.609      0.052     11.615      0.000
    PASS$1             2.283      0.104     22.022      0.000
    TRANSIT$1         15.000      0.000    999.000    999.000
    WALK$1             1.702      0.107     15.886      0.000
    BIKE$1             4.849      0.377     12.848      0.000
    OTHER$1           15.000      0.000    999.000    999.000

Categorical Latent Variables

 Means
    C#1                0.666      0.039     16.946      0.000


QUALITY OF NUMERICAL RESULTS

     Condition Number for the Information Matrix              0.462E-03
       (ratio of smallest to largest eigenvalue)


RESULTS IN PROBABILITY SCALE

                                                    Two-Tailed
                    Estimate       S.E.  Est./S.E.    P-Value

Latent Class 1

 SOV
    Category 1         0.575      0.009     62.134      0.000
    Category 2         0.425      0.009     46.017      0.000
 DR_OTH
    Category 1         0.674      0.008     87.515      0.000
    Category 2         0.326      0.008     42.324      0.000
 PASS
    Category 1         0.693      0.006    109.317      0.000
    Category 2         0.307      0.006     48.511      0.000
 TRANSIT
    Category 1         0.516      0.009     59.742      0.000
    Category 2         0.484      0.009     56.076      0.000
 WALK
    Category 1         0.360      0.007     53.320      0.000
    Category 2         0.640      0.007     94.799      0.000
 BIKE
    Category 1         0.905      0.004    229.153      0.000
    Category 2         0.095      0.004     24.123      0.000
 OTHER
    Category 1         0.850      0.005    178.806      0.000
    Category 2         0.150      0.005     31.476      0.000

Latent Class 2

 SOV
    Category 1         0.000      0.000      0.000      1.000
    Category 2         1.000      0.000      0.000      1.000
 DR_OTH
    Category 1         0.648      0.012     54.154      0.000
    Category 2         0.352      0.012     29.463      0.000
 PASS
    Category 1         0.907      0.009    104.242      0.000
    Category 2         0.093      0.009     10.629      0.000
 TRANSIT
    Category 1         1.000      0.000      0.000      1.000
    Category 2         0.000      0.000      0.000      1.000
 WALK
    Category 1         0.846      0.014     60.535      0.000
    Category 2         0.154      0.014     11.032      0.000
 BIKE
    Category 1         0.992      0.003    340.779      0.000
    Category 2         0.008      0.003      2.670      0.008
 OTHER
    Category 1         1.000      0.000      0.000      1.000
    Category 2         0.000      0.000      0.000      1.000


LATENT CLASS INDICATOR ODDS RATIOS FOR THE LATENT CLASSES

                                                95% C.I.
                    Estimate       S.E.  Lower 2.5% Upper 2.5%

Latent Class 1 Compared to Latent Class 2

 SOV
    Category > 1       0.000      0.000      0.000      0.000
 DR_OTH
    Category > 1       0.889      0.066      0.768      1.029
 PASS
    Category > 1       4.352      0.502      3.472      5.456
 TRANSIT
    Category > 1   *********      0.000  *********  *********
 WALK
    Category > 1       9.756      1.144      7.753     12.277
 BIKE
    Category > 1      13.434      5.234      6.260     28.829
 OTHER
    Category > 1   *********      0.000  *********  *********


TECHNICAL 11 OUTPUT

     Random Starts Specifications for the k-1 Class Analysis Model
        Number of initial stage random starts                  20
        Number of final stage optimizations                     4



     VUONG-LO-MENDELL-RUBIN LIKELIHOOD RATIO TEST FOR 1 (H0) VERSUS 2 CLASSES

          H0 Loglikelihood Value                       -34248.658
          2 Times the Loglikelihood Difference           2800.741
          Difference in the Number of Parameters                8
          Mean                                              7.516
          Standard Deviation                                7.663
          P-Value                                          0.0000

     LO-MENDELL-RUBIN ADJUSTED LRT TEST

          Value                                          2762.894
          P-Value                                          0.0000


TECHNICAL 14 OUTPUT

     Random Starts Specifications for the k-1 Class Analysis Model
        Number of initial stage random starts                  20
        Number of final stage optimizations                     4

     Random Starts Specification for the k-1 Class Model for Generated Data
        Number of initial stage random starts                   0
        Number of final stage optimizations for the
           initial stage random starts                          0
     Random Starts Specification for the k Class Model for Generated Data
        Number of initial stage random starts                1000
        Number of final stage optimizations                   250
     Number of bootstrap draws requested                   Varies


     PARAMETRIC BOOTSTRAPPED LIKELIHOOD RATIO TEST FOR 1 (H0) VERSUS 2 CLASSES

          H0 Loglikelihood Value                       -34248.658
          2 Times the Loglikelihood Difference           2800.741
          Difference in the Number of Parameters                8
          Approximate P-Value                              0.0000
          Successful Bootstrap Draws                            5


PLOT INFORMATION

The following plots are available:

  Histograms (sample values)
  Scatterplots (sample values)
  Sample proportions and estimated probabilities

DIAGRAM INFORMATION

  Mplus diagrams are currently not available for Mixture analysis.
  No diagram output was produced.


     Beginning Time:  13:49:03
        Ending Time:  13:49:18
       Elapsed Time:  00:00:15



MUTHEN & MUTHEN
3463 Stoner Ave.
Los Angeles, CA  90066

Tel: (310) 391-9971
Fax: (310) 391-8971
Web: www.StatModel.com
Support: Support@StatModel.com

Copyright (c) 1998-2021 Muthen & Muthen
