Mplus VERSION 8.6
MUTHEN & MUTHEN
12/07/2021   4:37 PM

INPUT INSTRUCTIONS

  TITLE: 6-class LCA: mode_cleaned_aux CMOD
  DATA: FILE = "LCA_mode_cleaned_aux_c6_save.txt";
  VARIABLE:
    NAMES = SOV DR_OTH PASS TRANSIT WALK BIKE OTHER
    UT_SAF UT_FRQ UT_REL UB_SHR UB_GRN UB_LAN UB_RLN UB_AMN
    RES30M RESAFF RESCLO RESHWY RESSCH RESSPA RESTRA RESWAL
    CARLVR RACWHT RACASN RACHIS RACBLK RACOTH FEMALE SCHOOL
    WORKER HINCLO N00_04 N05_15 N16_17 NUFVHS CARLSS NADULT LICENS CMPLXT
    AGEGRP_1 AGEGRP_2 AGEGRP_3
    SEQ_1 SEQ_2 SEQ_3 SEQ_4 SEQ_5 SEQ_6 SEQ_N
    CPROB1 CPROB2 CPROB3 CPROB4 CPROB5 CPROB6 N PERSONID; ! C renamed to N

    IDVAR = personid;
    NOMINAL = N;
    USEVAR = N SEQ_1 SEQ_2 SEQ_3 SEQ_4 SEQ_5;

    USEOBSERVATIONS =
        RACWHT NE 9999 AND
        RACASN NE 9999 AND
        RACHIS NE 9999 AND
        RACBLK NE 9999 AND
        AGEGRP_1 NE 9999 AND
        AGEGRP_2 NE 9999 AND
        NUFVHS NE 9999 AND
        NADULT NE 9999 AND
        FEMALE NE 9999 AND
        WORKER NE 9999 AND
        HINCLO NE 9999 AND
        N00_04 NE 9999 AND
        N05_15 NE 9999 AND
        N16_17 NE 9999 AND
        LICENS NE 9999 AND
        SEQ_1 NE 9999 AND
        SEQ_2 NE 9999 AND
        SEQ_3 NE 9999 AND
        SEQ_4 NE 9999 AND
        SEQ_5 NE 9999 AND
        CMPLXT NE 9999 AND
        CARLVR NE 9999 AND
        UT_SAF NE 9999 AND
        UT_FRQ NE 9999 AND
        UT_REL NE 9999 AND
        UB_SHR NE 9999 AND
        UB_GRN NE 9999 AND
        UB_LAN NE 9999 AND
        UB_RLN NE 9999 AND
        UB_AMN NE 9999 AND
        RES30M NE 9999 AND
        RESAFF NE 9999 AND
        RESCLO NE 9999 AND
        RESHWY NE 9999 AND
        RESSCH NE 9999 AND
        RESSPA NE 9999 AND
        RESTRA NE 9999 AND
        RESWAL NE 9999;

    CLASSES = c(6);
    MISSING are all (9999);


    DEFINE:
      !SQ1FEM = SEQ_1 * FEMALE;


  ANALYSIS: TYPE = MIXTURE;
            PROCESSORS = 6(STARTS);
            STSCALE = 10;
            STARTS = 0;

  MODEL:
  %overall%
   C ON SEQ_1 SEQ_2 SEQ_3 SEQ_4 SEQ_5;


  %c#1%
      [n#1@7.488];
      [n#2@-6.272];
      [n#3@4.125];
      [n#4@3.645];
      [n#5@-6.272];

  %c#2%
      [n#1@0];
      [n#2@13.814];
      [n#3@5.649];
      [n#4@0];
      [n#5@7.422];

  %c#3%
      [n#1@-0.984];
      [n#2@-2.612];
      [n#3@2.344];
      [n#4@-0.687];
      [n#5@-2.067];
  %c#4%
      [n#1@3.881];
      [n#2@0];
      [n#3@9.945];
      [n#4@13.792];
      [n#5@7.777];
  %c#5%
      [n#1@11.346];
      [n#2@9.929];
      [n#3@9.235];
      [n#4@10.592];
      [n#5@13.647];
  %c#6%
      [n#1@-4.314];
      [n#2@-13.712];
      [n#3@-2.345];
      [n#4@-13.712];
      [n#5@-13.712];


  !SAVEDATA:	FILE IS LCA_final-model-work-c6/mode_cleaned_aux_c6_save.txt;
  !			SAVE IS CPROB;
  !            MISSFLAG=9999;
  !			FORMAT IS FREE;



INPUT READING TERMINATED NORMALLY



6-class LCA: mode_cleaned_aux CMOD

SUMMARY OF ANALYSIS

Number of groups                                                 1
Number of observations                                        6818

Number of dependent variables                                    1
Number of independent variables                                  5
Number of continuous latent variables                            0
Number of categorical latent variables                           1

Observed dependent variables

  Unordered categorical (nominal)
   N

Observed independent variables
   SEQ_1       SEQ_2       SEQ_3       SEQ_4       SEQ_5

Categorical latent variables
   C

Variables with special functions

  ID variable           PERSONID

Estimator                                                      MLR
Information matrix                                        OBSERVED
Optimization Specifications for the Quasi-Newton Algorithm for
Continuous Outcomes
  Maximum number of iterations                                 100
  Convergence criterion                                  0.100D-05
Optimization Specifications for the EM Algorithm
  Maximum number of iterations                                 500
  Convergence criteria
    Loglikelihood change                                 0.100D-06
    Relative loglikelihood change                        0.100D-06
    Derivative                                           0.100D-05
Optimization Specifications for the M step of the EM Algorithm for
Categorical Latent variables
  Number of M step iterations                                    1
  M step convergence criterion                           0.100D-05
  Basis for M step termination                           ITERATION
Optimization Specifications for the M step of the EM Algorithm for
Censored, Binary or Ordered Categorical (Ordinal), Unordered
Categorical (Nominal) and Count Outcomes
  Number of M step iterations                                    1
  M step convergence criterion                           0.100D-05
  Basis for M step termination                           ITERATION
  Maximum value for logit thresholds                            15
  Minimum value for logit thresholds                           -15
  Minimum expected cell size for chi-square              0.100D-01
Maximum number of iterations for H1                           2000
Convergence criterion for H1                             0.100D-03
Optimization algorithm                                         EMA

Input data file(s)
  LCA_mode_cleaned_aux_c6_save.txt
Input data format  FREE


SUMMARY OF DATA



COVARIANCE COVERAGE OF DATA

Minimum covariance coverage value   0.100


UNIVARIATE PROPORTIONS AND COUNTS FOR CATEGORICAL VARIABLES

    N
      Category 1    0.130          885.000
      Category 2    0.047          321.000
      Category 3    0.182         1244.000
      Category 4    0.317         2163.000
      Category 5    0.105          719.000
      Category 6    0.218         1486.000



UNIVARIATE SAMPLE STATISTICS


     UNIVARIATE HIGHER-ORDER MOMENT DESCRIPTIVE STATISTICS

         Variable/         Mean/     Skewness/   Minimum/ % with                Percentiles
        Sample Size      Variance    Kurtosis    Maximum  Min/Max      20%/60%    40%/80%    Median

     SEQ_1                 0.304       0.854       0.000   69.64%       0.000      0.000      0.000
            6818.000       0.211      -1.270       1.000   30.36%       0.000      1.000
     SEQ_2                 0.433       0.271       0.000   56.70%       0.000      0.000      0.000
            6818.000       0.246      -1.927       1.000   43.30%       1.000      1.000
     SEQ_3                 0.095       2.756       0.000   90.47%       0.000      0.000      0.000
            6818.000       0.086       5.595       1.000    9.53%       0.000      0.000
     SEQ_4                 0.102       2.623       0.000   89.76%       0.000      0.000      0.000
            6818.000       0.092       4.882       1.000   10.24%       0.000      0.000
     SEQ_5                 0.026       6.017       0.000   97.45%       0.000      0.000      0.000
            6818.000       0.025      34.210       1.000    2.55%       0.000      0.000


THE MODEL ESTIMATION TERMINATED NORMALLY



MODEL FIT INFORMATION

Number of Free Parameters                       30

Loglikelihood

          H0 Value                      -11253.754
          H0 Scaling Correction Factor      1.0000
            for MLR

Information Criteria

          Akaike (AIC)                   22567.508
          Bayesian (BIC)                 22772.328
          Sample-Size Adjusted BIC       22676.995
            (n* = (n + 2) / 24)



FINAL CLASS COUNTS AND PROPORTIONS FOR THE LATENT CLASSES
BASED ON THE ESTIMATED MODEL

    Latent
   Classes

       1        802.10666          0.11765
       2        297.29001          0.04360
       3       1237.84532          0.18156
       4       2113.07826          0.30993
       5        829.68445          0.12169
       6       1537.99530          0.22558


FINAL CLASS COUNTS AND PROPORTIONS FOR THE LATENT CLASSES
BASED ON ESTIMATED POSTERIOR PROBABILITIES

    Latent
   Classes

       1        802.10629          0.11765
       2        297.28997          0.04360
       3       1237.84647          0.18156
       4       2113.07802          0.30993
       5        829.68463          0.12169
       6       1537.99463          0.22558


FINAL CLASS COUNTS AND PROPORTIONS FOR THE LATENT CLASSES
BASED ON THEIR MOST LIKELY LATENT CLASS MEMBERSHIP

Class Counts and Proportions

    Latent
   Classes

       1              885          0.12980
       2              321          0.04708
       3             1244          0.18246
       4             2163          0.31725
       5              719          0.10546
       6             1486          0.21795


CLASSIFICATION QUALITY

     Entropy                         0.809


Average Latent Class Probabilities for Most Likely Latent Class Membership (Row)
by Latent Class (Column)

           1        2        3        4        5        6

    1   0.858    0.000    0.042    0.000    0.079    0.021
    2   0.000    0.924    0.023    0.000    0.053    0.000
    3   0.021    0.000    0.830    0.035    0.007    0.107
    4   0.008    0.000    0.023    0.954    0.015    0.000
    5   0.000    0.001    0.017    0.007    0.975    0.000
    6   0.000    0.000    0.067    0.000    0.000    0.933


Classification Probabilities for the Most Likely Latent Class Membership (Column)
by Latent Class (Row)

           1        2        3        4        5        6

    1   0.946    0.000    0.033    0.020    0.000    0.001
    2   0.000    0.998    0.000    0.000    0.002    0.000
    3   0.030    0.006    0.834    0.040    0.010    0.080
    4   0.000    0.000    0.021    0.977    0.002    0.000
    5   0.085    0.021    0.010    0.040    0.845    0.000
    6   0.012    0.000    0.086    0.000    0.000    0.902


Logits for the Classification Probabilities for the Most Likely Latent Class Membership (Column)
by Latent Class (Row)

              1        2        3        4        5        6

    1      7.488   -6.272    4.125    3.645   -6.272    0.000
    2      0.000   13.814    5.649    0.000    7.422    0.000
    3     -0.984   -2.612    2.344   -0.687   -2.067    0.000
    4      3.881    0.000    9.945   13.792    7.777    0.000
    5     11.346    9.929    9.235   10.592   13.647    0.000
    6     -4.314  -13.712   -2.345  -13.712  -13.712    0.000


MODEL RESULTS

                                                    Two-Tailed
                    Estimate       S.E.  Est./S.E.    P-Value

Latent Class 1

 Means
    N#1                7.488      0.000    999.000    999.000
    N#2               -6.272      0.000    999.000    999.000
    N#3                4.125      0.000    999.000    999.000
    N#4                3.645      0.000    999.000    999.000
    N#5               -6.272      0.000    999.000    999.000

Latent Class 2

 Means
    N#1                0.000      0.000    999.000    999.000
    N#2               13.814      0.000    999.000    999.000
    N#3                5.649      0.000    999.000    999.000
    N#4                0.000      0.000    999.000    999.000
    N#5                7.422      0.000    999.000    999.000

Latent Class 3

 Means
    N#1               -0.984      0.000    999.000    999.000
    N#2               -2.612      0.000    999.000    999.000
    N#3                2.344      0.000    999.000    999.000
    N#4               -0.687      0.000    999.000    999.000
    N#5               -2.067      0.000    999.000    999.000

Latent Class 4

 Means
    N#1                3.881      0.000    999.000    999.000
    N#2                0.000      0.000    999.000    999.000
    N#3                9.945      0.000    999.000    999.000
    N#4               13.792      0.000    999.000    999.000
    N#5                7.777      0.000    999.000    999.000

Latent Class 5

 Means
    N#1               11.346      0.000    999.000    999.000
    N#2                9.929      0.000    999.000    999.000
    N#3                9.235      0.000    999.000    999.000
    N#4               10.592      0.000    999.000    999.000
    N#5               13.647      0.000    999.000    999.000

Latent Class 6

 Means
    N#1               -4.314      0.000    999.000    999.000
    N#2              -13.712      0.000    999.000    999.000
    N#3               -2.345      0.000    999.000    999.000
    N#4              -13.712      0.000    999.000    999.000
    N#5              -13.712      0.000    999.000    999.000

Categorical Latent Variables

 C#1        ON
    SEQ_1             -0.038      0.235     -0.163      0.871
    SEQ_2             -0.023      0.230     -0.098      0.922
    SEQ_3             -0.019      0.269     -0.070      0.944
    SEQ_4              0.000      0.271     -0.001      0.999
    SEQ_5             -0.202      0.373     -0.541      0.589

 C#2        ON
    SEQ_1              0.521      0.418      1.247      0.213
    SEQ_2              0.643      0.411      1.563      0.118
    SEQ_3              0.598      0.453      1.320      0.187
    SEQ_4              0.717      0.451      1.589      0.112
    SEQ_5              0.587      0.557      1.053      0.293

 C#3        ON
    SEQ_1              0.358      0.263      1.362      0.173
    SEQ_2              0.276      0.259      1.063      0.288
    SEQ_3              0.222      0.297      0.749      0.454
    SEQ_4              0.434      0.293      1.479      0.139
    SEQ_5              0.425      0.371      1.144      0.253

 C#4        ON
    SEQ_1              0.353      0.189      1.866      0.062
    SEQ_2              0.376      0.186      2.018      0.044
    SEQ_3              0.407      0.212      1.920      0.055
    SEQ_4              0.621      0.212      2.931      0.003
    SEQ_5              0.199      0.283      0.702      0.483

 C#5        ON
    SEQ_1             -0.139      0.234     -0.595      0.552
    SEQ_2              0.101      0.227      0.447      0.655
    SEQ_3              0.029      0.264      0.109      0.913
    SEQ_4              0.140      0.264      0.530      0.596
    SEQ_5             -0.748      0.431     -1.734      0.083

 Intercepts
    C#1               -0.622      0.218     -2.852      0.004
    C#2               -2.228      0.399     -5.581      0.000
    C#3               -0.522      0.248     -2.105      0.035
    C#4               -0.059      0.178     -0.334      0.738
    C#5               -0.624      0.216     -2.890      0.004


QUALITY OF NUMERICAL RESULTS

     Condition Number for the Information Matrix              0.457E-03
       (ratio of smallest to largest eigenvalue)


LOGISTIC REGRESSION ODDS RATIO RESULTS

                                                95% C.I.
                    Estimate       S.E.  Lower 2.5% Upper 2.5%

Categorical Latent Variables

 C#1      ON
    SEQ_1              0.962      0.226      0.607      1.526
    SEQ_2              0.978      0.225      0.622      1.536
    SEQ_3              0.981      0.264      0.580      1.661
    SEQ_4              1.000      0.271      0.587      1.702
    SEQ_5              0.817      0.305      0.393      1.699

 C#2      ON
    SEQ_1              1.683      0.703      0.742      3.817
    SEQ_2              1.902      0.782      0.849      4.260
    SEQ_3              1.819      0.824      0.748      4.419
    SEQ_4              2.048      0.924      0.846      4.960
    SEQ_5              1.798      1.002      0.603      5.359

 C#3      ON
    SEQ_1              1.430      0.375      0.855      2.392
    SEQ_2              1.317      0.341      0.793      2.189
    SEQ_3              1.249      0.370      0.698      2.233
    SEQ_4              1.543      0.452      0.868      2.741
    SEQ_5              1.529      0.567      0.739      3.164

 C#4      ON
    SEQ_1              1.424      0.270      0.982      2.064
    SEQ_2              1.456      0.271      1.011      2.097
    SEQ_3              1.502      0.319      0.991      2.276
    SEQ_4              1.860      0.394      1.228      2.817
    SEQ_5              1.220      0.346      0.700      2.126

 C#5      ON
    SEQ_1              0.870      0.203      0.550      1.376
    SEQ_2              1.107      0.251      0.709      1.727
    SEQ_3              1.029      0.272      0.613      1.728
    SEQ_4              1.150      0.304      0.686      1.930
    SEQ_5              0.474      0.204      0.203      1.102


ALTERNATIVE PARAMETERIZATIONS FOR THE CATEGORICAL LATENT VARIABLE REGRESSION

                                                    Two-Tailed
                    Estimate       S.E.  Est./S.E.    P-Value

Parameterization using Reference Class 1

 C#2      ON
    SEQ_1              0.559      0.437      1.278      0.201
    SEQ_2              0.666      0.430      1.546      0.122
    SEQ_3              0.617      0.477      1.294      0.196
    SEQ_4              0.717      0.475      1.509      0.131
    SEQ_5              0.788      0.600      1.314      0.189

 C#3      ON
    SEQ_1              0.396      0.284      1.395      0.163
    SEQ_2              0.298      0.280      1.066      0.286
    SEQ_3              0.241      0.321      0.750      0.453
    SEQ_4              0.434      0.319      1.359      0.174
    SEQ_5              0.626      0.421      1.488      0.137

 C#4      ON
    SEQ_1              0.392      0.232      1.686      0.092
    SEQ_2              0.398      0.228      1.746      0.081
    SEQ_3              0.426      0.262      1.627      0.104
    SEQ_4              0.621      0.262      2.369      0.018
    SEQ_5              0.401      0.364      1.102      0.270

 C#5      ON
    SEQ_1             -0.101      0.280     -0.360      0.719
    SEQ_2              0.124      0.273      0.455      0.649
    SEQ_3              0.048      0.317      0.151      0.880
    SEQ_4              0.140      0.318      0.441      0.659
    SEQ_5             -0.546      0.503     -1.085      0.278

 C#6      ON
    SEQ_1              0.038      0.235      0.163      0.871
    SEQ_2              0.023      0.230      0.098      0.922
    SEQ_3              0.019      0.269      0.070      0.944
    SEQ_4              0.000      0.271      0.001      0.999
    SEQ_5              0.202      0.373      0.541      0.589

 Intercepts
    C#2               -1.605      0.417     -3.852      0.000
    C#3                0.100      0.267      0.375      0.708
    C#4                0.563      0.217      2.592      0.010
    C#5               -0.002      0.259     -0.007      0.995
    C#6                0.622      0.218      2.852      0.004

Parameterization using Reference Class 2

 C#1      ON
    SEQ_1             -0.559      0.437     -1.278      0.201
    SEQ_2             -0.666      0.430     -1.546      0.122
    SEQ_3             -0.617      0.477     -1.294      0.196
    SEQ_4             -0.717      0.475     -1.509      0.131
    SEQ_5             -0.788      0.600     -1.314      0.189

 C#3      ON
    SEQ_1             -0.163      0.445     -0.367      0.714
    SEQ_2             -0.367      0.439     -0.837      0.403
    SEQ_3             -0.376      0.484     -0.777      0.437
    SEQ_4             -0.283      0.479     -0.592      0.554
    SEQ_5             -0.162      0.586     -0.277      0.782

 C#4      ON
    SEQ_1             -0.167      0.416     -0.402      0.687
    SEQ_2             -0.267      0.410     -0.652      0.514
    SEQ_3             -0.191      0.449     -0.426      0.670
    SEQ_4             -0.096      0.446     -0.216      0.829
    SEQ_5             -0.388      0.551     -0.704      0.482

 C#5      ON
    SEQ_1             -0.660      0.446     -1.479      0.139
    SEQ_2             -0.542      0.438     -1.237      0.216
    SEQ_3             -0.569      0.484     -1.175      0.240
    SEQ_4             -0.577      0.481     -1.199      0.231
    SEQ_5             -1.334      0.650     -2.054      0.040

 C#6      ON
    SEQ_1             -0.521      0.418     -1.247      0.213
    SEQ_2             -0.643      0.411     -1.563      0.118
    SEQ_3             -0.598      0.453     -1.320      0.187
    SEQ_4             -0.717      0.451     -1.589      0.112
    SEQ_5             -0.587      0.557     -1.053      0.293

 Intercepts
    C#1                1.605      0.417      3.852      0.000
    C#3                1.705      0.426      4.003      0.000
    C#4                2.168      0.399      5.440      0.000
    C#5                1.604      0.425      3.777      0.000
    C#6                2.228      0.399      5.581      0.000

Parameterization using Reference Class 3

 C#1      ON
    SEQ_1             -0.396      0.284     -1.395      0.163
    SEQ_2             -0.298      0.280     -1.066      0.286
    SEQ_3             -0.241      0.321     -0.750      0.453
    SEQ_4             -0.434      0.319     -1.359      0.174
    SEQ_5             -0.626      0.421     -1.488      0.137

 C#2      ON
    SEQ_1              0.163      0.445      0.367      0.714
    SEQ_2              0.367      0.439      0.837      0.403
    SEQ_3              0.376      0.484      0.777      0.437
    SEQ_4              0.283      0.479      0.592      0.554
    SEQ_5              0.162      0.586      0.277      0.782

 C#4      ON
    SEQ_1             -0.004      0.246     -0.017      0.986
    SEQ_2              0.100      0.243      0.412      0.681
    SEQ_3              0.185      0.274      0.675      0.500
    SEQ_4              0.187      0.268      0.698      0.485
    SEQ_5             -0.226      0.340     -0.663      0.507

 C#5      ON
    SEQ_1             -0.497      0.278     -1.787      0.074
    SEQ_2             -0.174      0.272     -0.640      0.522
    SEQ_3             -0.193      0.312     -0.619      0.536
    SEQ_4             -0.294      0.307     -0.956      0.339
    SEQ_5             -1.172      0.469     -2.502      0.012

 C#6      ON
    SEQ_1             -0.358      0.263     -1.362      0.173
    SEQ_2             -0.276      0.259     -1.063      0.288
    SEQ_3             -0.222      0.297     -0.749      0.454
    SEQ_4             -0.434      0.293     -1.479      0.139
    SEQ_5             -0.425      0.371     -1.144      0.253

 Intercepts
    C#1               -0.100      0.267     -0.375      0.708
    C#2               -1.705      0.426     -4.003      0.000
    C#4                0.463      0.234      1.979      0.048
    C#5               -0.102      0.260     -0.391      0.696
    C#6                0.522      0.248      2.105      0.035

Parameterization using Reference Class 4

 C#1      ON
    SEQ_1             -0.392      0.232     -1.686      0.092
    SEQ_2             -0.398      0.228     -1.746      0.081
    SEQ_3             -0.426      0.262     -1.627      0.104
    SEQ_4             -0.621      0.262     -2.369      0.018
    SEQ_5             -0.401      0.364     -1.102      0.270

 C#2      ON
    SEQ_1              0.167      0.416      0.402      0.687
    SEQ_2              0.267      0.410      0.652      0.514
    SEQ_3              0.191      0.449      0.426      0.670
    SEQ_4              0.096      0.446      0.216      0.829
    SEQ_5              0.388      0.551      0.704      0.482

 C#3      ON
    SEQ_1              0.004      0.246      0.017      0.986
    SEQ_2             -0.100      0.243     -0.412      0.681
    SEQ_3             -0.185      0.274     -0.675      0.500
    SEQ_4             -0.187      0.268     -0.698      0.485
    SEQ_5              0.226      0.340      0.663      0.507

 C#5      ON
    SEQ_1             -0.492      0.235     -2.098      0.036
    SEQ_2             -0.274      0.228     -1.201      0.230
    SEQ_3             -0.378      0.261     -1.446      0.148
    SEQ_4             -0.481      0.258     -1.859      0.063
    SEQ_5             -0.946      0.428     -2.211      0.027

 C#6      ON
    SEQ_1             -0.353      0.189     -1.866      0.062
    SEQ_2             -0.376      0.186     -2.018      0.044
    SEQ_3             -0.407      0.212     -1.920      0.055
    SEQ_4             -0.621      0.212     -2.931      0.003
    SEQ_5             -0.199      0.283     -0.702      0.483

 Intercepts
    C#1               -0.563      0.217     -2.592      0.010
    C#2               -2.168      0.399     -5.440      0.000
    C#3               -0.463      0.234     -1.979      0.048
    C#5               -0.565      0.218     -2.585      0.010
    C#6                0.059      0.178      0.334      0.738

Parameterization using Reference Class 5

 C#1      ON
    SEQ_1              0.101      0.280      0.360      0.719
    SEQ_2             -0.124      0.273     -0.455      0.649
    SEQ_3             -0.048      0.317     -0.151      0.880
    SEQ_4             -0.140      0.318     -0.441      0.659
    SEQ_5              0.546      0.503      1.085      0.278

 C#2      ON
    SEQ_1              0.660      0.446      1.479      0.139
    SEQ_2              0.542      0.438      1.237      0.216
    SEQ_3              0.569      0.484      1.175      0.240
    SEQ_4              0.577      0.481      1.199      0.231
    SEQ_5              1.334      0.650      2.054      0.040

 C#3      ON
    SEQ_1              0.497      0.278      1.787      0.074
    SEQ_2              0.174      0.272      0.640      0.522
    SEQ_3              0.193      0.312      0.619      0.536
    SEQ_4              0.294      0.307      0.956      0.339
    SEQ_5              1.172      0.469      2.502      0.012

 C#4      ON
    SEQ_1              0.492      0.235      2.098      0.036
    SEQ_2              0.274      0.228      1.201      0.230
    SEQ_3              0.378      0.261      1.446      0.148
    SEQ_4              0.481      0.258      1.859      0.063
    SEQ_5              0.946      0.428      2.211      0.027

 C#6      ON
    SEQ_1              0.139      0.234      0.595      0.552
    SEQ_2             -0.101      0.227     -0.447      0.655
    SEQ_3             -0.029      0.264     -0.109      0.913
    SEQ_4             -0.140      0.264     -0.530      0.596
    SEQ_5              0.748      0.431      1.734      0.083

 Intercepts
    C#1                0.002      0.259      0.007      0.995
    C#2               -1.604      0.425     -3.777      0.000
    C#3                0.102      0.260      0.391      0.696
    C#4                0.565      0.218      2.585      0.010
    C#6                0.624      0.216      2.890      0.004


ODDS RATIO FOR THE ALTERNATIVE PARAMETERIZATIONS FOR THE CATEGORICAL LATENT VARIABLE REGRESSION

                                                95% C.I.
                    Estimate       S.E.  Lower 2.5% Upper 2.5%

Parameterization using Reference Class 1

 C#2      ON
    SEQ_1              1.749      0.765      0.742      4.121
    SEQ_2              1.946      0.838      0.837      4.524
    SEQ_3              1.853      0.884      0.728      4.718
    SEQ_4              2.049      0.974      0.807      5.202
    SEQ_5              2.200      1.320      0.679      7.130

 C#3      ON
    SEQ_1              1.486      0.422      0.852      2.591
    SEQ_2              1.348      0.377      0.779      2.332
    SEQ_3              1.273      0.409      0.678      2.390
    SEQ_4              1.543      0.492      0.826      2.884
    SEQ_5              1.871      0.788      0.820      4.269

 C#4      ON
    SEQ_1              1.479      0.344      0.938      2.332
    SEQ_2              1.489      0.340      0.952      2.329
    SEQ_3              1.531      0.401      0.916      2.558
    SEQ_4              1.860      0.488      1.113      3.110
    SEQ_5              1.493      0.543      0.732      3.044

 C#5      ON
    SEQ_1              0.904      0.253      0.522      1.565
    SEQ_2              1.132      0.309      0.664      1.931
    SEQ_3              1.049      0.333      0.563      1.954
    SEQ_4              1.151      0.366      0.617      2.145
    SEQ_5              0.579      0.292      0.216      1.553

 C#6      ON
    SEQ_1              1.039      0.244      0.655      1.647
    SEQ_2              1.023      0.236      0.651      1.607
    SEQ_3              1.019      0.274      0.602      1.725
    SEQ_4              1.000      0.272      0.588      1.703
    SEQ_5              1.224      0.457      0.589      2.543

Parameterization using Reference Class 2

 C#1      ON
    SEQ_1              0.572      0.250      0.243      1.347
    SEQ_2              0.514      0.221      0.221      1.195
    SEQ_3              0.540      0.257      0.212      1.374
    SEQ_4              0.488      0.232      0.192      1.239
    SEQ_5              0.455      0.273      0.140      1.474

 C#3      ON
    SEQ_1              0.850      0.378      0.355      2.032
    SEQ_2              0.693      0.304      0.293      1.637
    SEQ_3              0.687      0.332      0.266      1.772
    SEQ_4              0.753      0.361      0.295      1.925
    SEQ_5              0.850      0.498      0.270      2.682

 C#4      ON
    SEQ_1              0.846      0.352      0.374      1.912
    SEQ_2              0.765      0.314      0.343      1.709
    SEQ_3              0.826      0.371      0.343      1.992
    SEQ_4              0.908      0.405      0.379      2.176
    SEQ_5              0.679      0.374      0.230      1.998

 C#5      ON
    SEQ_1              0.517      0.231      0.216      1.239
    SEQ_2              0.582      0.255      0.247      1.373
    SEQ_3              0.566      0.274      0.219      1.463
    SEQ_4              0.562      0.270      0.219      1.443
    SEQ_5              0.263      0.171      0.074      0.941

 C#6      ON
    SEQ_1              0.594      0.248      0.262      1.347
    SEQ_2              0.526      0.216      0.235      1.177
    SEQ_3              0.550      0.249      0.226      1.336
    SEQ_4              0.488      0.220      0.202      1.182
    SEQ_5              0.556      0.310      0.187      1.658

Parameterization using Reference Class 3

 C#1      ON
    SEQ_1              0.673      0.191      0.386      1.174
    SEQ_2              0.742      0.208      0.429      1.284
    SEQ_3              0.786      0.253      0.418      1.476
    SEQ_4              0.648      0.207      0.347      1.211
    SEQ_5              0.535      0.225      0.234      1.220

 C#2      ON
    SEQ_1              1.177      0.524      0.492      2.816
    SEQ_2              1.444      0.634      0.611      3.413
    SEQ_3              1.456      0.704      0.564      3.757
    SEQ_4              1.328      0.636      0.519      3.394
    SEQ_5              1.176      0.689      0.373      3.708

 C#4      ON
    SEQ_1              0.996      0.245      0.615      1.612
    SEQ_2              1.105      0.269      0.686      1.779
    SEQ_3              1.203      0.329      0.703      2.057
    SEQ_4              1.206      0.323      0.713      2.038
    SEQ_5              0.798      0.272      0.410      1.555

 C#5      ON
    SEQ_1              0.609      0.169      0.353      1.049
    SEQ_2              0.840      0.229      0.493      1.432
    SEQ_3              0.824      0.257      0.447      1.520
    SEQ_4              0.746      0.229      0.408      1.361
    SEQ_5              0.310      0.145      0.124      0.776

 C#6      ON
    SEQ_1              0.699      0.184      0.418      1.170
    SEQ_2              0.759      0.197      0.457      1.262
    SEQ_3              0.801      0.237      0.448      1.432
    SEQ_4              0.648      0.190      0.365      1.152
    SEQ_5              0.654      0.243      0.316      1.354

Parameterization using Reference Class 4

 C#1      ON
    SEQ_1              0.676      0.157      0.429      1.066
    SEQ_2              0.671      0.153      0.429      1.050
    SEQ_3              0.653      0.171      0.391      1.091
    SEQ_4              0.538      0.141      0.322      0.898
    SEQ_5              0.670      0.244      0.329      1.366

 C#2      ON
    SEQ_1              1.182      0.492      0.523      2.672
    SEQ_2              1.307      0.536      0.585      2.918
    SEQ_3              1.211      0.544      0.502      2.919
    SEQ_4              1.101      0.491      0.460      2.638
    SEQ_5              1.474      0.812      0.500      4.339

 C#3      ON
    SEQ_1              1.004      0.247      0.620      1.626
    SEQ_2              0.905      0.220      0.562      1.457
    SEQ_3              0.831      0.228      0.486      1.422
    SEQ_4              0.829      0.222      0.491      1.402
    SEQ_5              1.253      0.426      0.643      2.442

 C#5      ON
    SEQ_1              0.611      0.143      0.386      0.968
    SEQ_2              0.760      0.174      0.486      1.189
    SEQ_3              0.685      0.179      0.410      1.144
    SEQ_4              0.618      0.160      0.373      1.026
    SEQ_5              0.388      0.166      0.168      0.898

 C#6      ON
    SEQ_1              0.702      0.133      0.485      1.018
    SEQ_2              0.687      0.128      0.477      0.989
    SEQ_3              0.666      0.141      0.439      1.009
    SEQ_4              0.538      0.114      0.355      0.814
    SEQ_5              0.820      0.232      0.470      1.428

Parameterization using Reference Class 5

 C#1      ON
    SEQ_1              1.106      0.310      0.639      1.914
    SEQ_2              0.883      0.241      0.518      1.507
    SEQ_3              0.953      0.303      0.512      1.776
    SEQ_4              0.869      0.276      0.466      1.621
    SEQ_5              1.726      0.868      0.644      4.627

 C#2      ON
    SEQ_1              1.934      0.863      0.807      4.637
    SEQ_2              1.719      0.753      0.729      4.054
    SEQ_3              1.767      0.856      0.684      4.566
    SEQ_4              1.781      0.857      0.693      4.574
    SEQ_5              3.797      2.467      1.063     13.565

 C#3      ON
    SEQ_1              1.643      0.457      0.953      2.833
    SEQ_2              1.190      0.324      0.698      2.029
    SEQ_3              1.213      0.379      0.658      2.237
    SEQ_4              1.341      0.412      0.735      2.449
    SEQ_5              3.229      1.513      1.289      8.088

 C#4      ON
    SEQ_1              1.636      0.384      1.033      2.592
    SEQ_2              1.315      0.300      0.841      2.058
    SEQ_3              1.459      0.382      0.874      2.437
    SEQ_4              1.617      0.418      0.974      2.684
    SEQ_5              2.576      1.103      1.114      5.961

 C#6      ON
    SEQ_1              1.149      0.269      0.727      1.817
    SEQ_2              0.904      0.205      0.579      1.410
    SEQ_3              0.971      0.257      0.579      1.631
    SEQ_4              0.869      0.230      0.518      1.459
    SEQ_5              2.112      0.910      0.907      4.916


DIAGRAM INFORMATION

  Mplus diagrams are currently not available for Mixture analysis.
  No diagram output was produced.


     Beginning Time:  16:37:56
        Ending Time:  16:37:57
       Elapsed Time:  00:00:01



MUTHEN & MUTHEN
3463 Stoner Ave.
Los Angeles, CA  90066

Tel: (310) 391-9971
Fax: (310) 391-8971
Web: www.StatModel.com
Support: Support@StatModel.com

Copyright (c) 1998-2021 Muthen & Muthen
